Added Component: Designator=C18(CAPPR2-5x10)
Add component. Clean all parameters for all variants
Add component (AddParameter): Name = "Designer"; Value = "ECAM 2004"; VariantName = "[No Variations]"
Add component (AddParameter): Name = "Manufacturer"; Value = ""; VariantName = "[No Variations]"
Add component (AddParameter): Name = "Supplier"; Value = ""; VariantName = "[No Variations]"
Add component (AddParameter): Name = "Type"; Value = "Condensateur polarisé debout"; VariantName = "[No Variations]"
Add component (AddParameter): Name = "Value"; Value = "1000 µF"; VariantName = "[No Variations]"
Added Component: Designator=L3(Self100uH)
Add component. Clean all parameters for all variants
Add component (AddParameter): Name = "Designer"; Value = "ECAM 2003"; VariantName = "[No Variations]"
Add component (AddParameter): Name = "Manufacturer"; Value = ""; VariantName = "[No Variations]"
Add component (AddParameter): Name = "Supplier"; Value = ""; VariantName = "[No Variations]"
Add component (AddParameter): Name = "Type"; Value = ""; VariantName = "[No Variations]"
Add component (AddParameter): Name = "Value"; Value = "47µH"; VariantName = "[No Variations]"
Added Pin To Net: NetName=NetC18_1 Pin=C18-1
Added Pin To Net: NetName=GND Pin=C18-2
Added Pin To Net: NetName=POW Pin=L3-1
Added Pin To Net: NetName=NetD5_1 Pin=L3-2
Added Member To Class: ClassName=Boost Member=Component C18 Cond pol radial
Added Member To Class: ClassName=Boost Member=Component L3 Inductance
